0 info it worked if it ends with ok
1 verbose cli [ 'C:\\Program Files\\nodejs\\node.exe',
1 verbose cli   'C:\\Program Files\\nodejs\\node_modules\\npm\\bin\\npm-cli.js',
1 verbose cli   'run',
1 verbose cli   'build' ]
2 info using npm@4.0.5
3 info using node@v7.4.0
4 verbose run-script [ 'prebuild', 'build', 'postbuild' ]
5 info lifecycle a2mp@1.0.0~prebuild: a2mp@1.0.0
6 silly lifecycle a2mp@1.0.0~prebuild: no script for prebuild, continuing
7 info lifecycle a2mp@1.0.0~build: a2mp@1.0.0
8 verbose lifecycle a2mp@1.0.0~build: unsafe-perm in lifecycle true
9 verbose lifecycle a2mp@1.0.0~build: PATH: C:\Program Files\nodejs\node_modules\npm\bin\node-gyp-bin;C:\Users\Sema\Desktop\a2\node_modules\.bin;C:\Users\Sema\bin;C:\Program Files\Git\mingw64\bin;C:\Program Files\Git\usr\local\bin;C:\Program Files\Git\usr\bin;C:\Program Files\Git\usr\bin;C:\Program Files\Git\cmd;C:\Program Files\ConEmu\ConEmu\Scripts;C:\Program Files\ConEmu;C:\Program Files\ConEmu\ConEmu;C:\Windows\system32;C:\Windows;C:\Windows\System32\Wbem;C:\Windows\System32\WindowsPowerShell\v1.0;C:\Program Files (x86)\NVIDIA Corporation\PhysX\Common;C:\Program Files\Git\cmd;C:\Program Files\MySQL\MySQL Server 5.7\bin;C:\Program Files\Sublime Text 3;C:\php7;C:\ProgramData\ComposerSetup\bin;C:\Program Files (x86)\Skype\Phone;C:\HashiCorp\Vagrant\bin;C:\WINDOWS\system32;C:\WINDOWS;C:\WINDOWS\System32\Wbem;C:\WINDOWS\System32\WindowsPowerShell\v1.0;C:\Program Files\nodejs;C:\Program Files (x86)\PuTTY;C:\Users\Sema\AppData\Roaming\Composer\vendor\bin;C:\Users\Sema\AppData\Local\Microsoft\WindowsApps;C:\Users\Sema\AppData\Roaming\npm;C:\Program Files\Git\usr\bin\vendor_perl;C:\Program Files\Git\usr\bin\core_perl
10 verbose lifecycle a2mp@1.0.0~build: CWD: C:\Users\Sema\Desktop\a2
11 silly lifecycle a2mp@1.0.0~build: Args: [ '/d /s /c',
11 silly lifecycle   'rimraf dist && webpack --config config/webpack.prod.js --progress' ]
12 silly lifecycle a2mp@1.0.0~build: Returned: code: 2  signal: null
13 info lifecycle a2mp@1.0.0~build: Failed to exec build script
14 verbose stack Error: a2mp@1.0.0 build: `rimraf dist && webpack --config config/webpack.prod.js --progress`
14 verbose stack Exit status 2
14 verbose stack     at EventEmitter.<anonymous> (C:\Program Files\nodejs\node_modules\npm\lib\utils\lifecycle.js:279:16)
14 verbose stack     at emitTwo (events.js:106:13)
14 verbose stack     at EventEmitter.emit (events.js:191:7)
14 verbose stack     at ChildProcess.<anonymous> (C:\Program Files\nodejs\node_modules\npm\lib\utils\spawn.js:40:14)
14 verbose stack     at emitTwo (events.js:106:13)
14 verbose stack     at ChildProcess.emit (events.js:191:7)
14 verbose stack     at maybeClose (internal/child_process.js:885:16)
14 verbose stack     at Process.ChildProcess._handle.onexit (internal/child_process.js:226:5)
15 verbose pkgid a2mp@1.0.0
16 verbose cwd C:\Users\Sema\Desktop\a2
17 error Windows_NT 10.0.14393
18 error argv "C:\\Program Files\\nodejs\\node.exe" "C:\\Program Files\\nodejs\\node_modules\\npm\\bin\\npm-cli.js" "run" "build"
19 error node v7.4.0
20 error npm  v4.0.5
21 error code ELIFECYCLE
22 error a2mp@1.0.0 build: `rimraf dist && webpack --config config/webpack.prod.js --progress`
22 error Exit status 2
23 error Failed at the a2mp@1.0.0 build script 'rimraf dist && webpack --config config/webpack.prod.js --progress'.
23 error Make sure you have the latest version of node.js and npm installed.
23 error If you do, this is most likely a problem with the a2mp package,
23 error not with npm itself.
23 error Tell the author that this fails on your system:
23 error     rimraf dist && webpack --config config/webpack.prod.js --progress
23 error You can get information on how to open an issue for this project with:
23 error     npm bugs a2mp
23 error Or if that isn't available, you can get their info via:
23 error     npm owner ls a2mp
23 error There is likely additional logging output above.
24 verbose exit [ 1, true ]
